Performing C++ SOURCE FILE Test CMAKE_HAVE_LIBC_PTHREAD failed with the following output:
Change Dir: /home/zhiyu/PHD_Code/New_paper/Air3DGSSLAM/AirSLAM/CMakeFiles/CMakeTmp

Run Build Command(s):/usr/bin/make -f Makefile cmTC_81f02/fast && /usr/bin/make  -f CMakeFiles/cmTC_81f02.dir/build.make CMakeFiles/cmTC_81f02.dir/build
make[1]: Entering directory '/home/zhiyu/PHD_Code/New_paper/Air3DGSSLAM/AirSLAM/CMakeFiles/CMakeTmp'
Building CXX object CMakeFiles/cmTC_81f02.dir/src.cxx.o
/usr/bin/c++ -DCMAKE_HAVE_LIBC_PTHREAD   -o CMakeFiles/cmTC_81f02.dir/src.cxx.o -c /home/zhiyu/PHD_Code/New_paper/Air3DGSSLAM/AirSLAM/CMakeFiles/CMakeTmp/src.cxx
Linking CXX executable cmTC_81f02
/home/zhiyu/miniconda3/envs/gsplat/bin/cmake -E cmake_link_script CMakeFiles/cmTC_81f02.dir/link.txt --verbose=1
/usr/bin/c++ CMakeFiles/cmTC_81f02.dir/src.cxx.o -o cmTC_81f02 
/usr/bin/ld: CMakeFiles/cmTC_81f02.dir/src.cxx.o: in function `main':
src.cxx:(.text+0x46): undefined reference to `pthread_create'
/usr/bin/ld: src.cxx:(.text+0x52): undefined reference to `pthread_detach'
/usr/bin/ld: src.cxx:(.text+0x5e): undefined reference to `pthread_cancel'
/usr/bin/ld: src.cxx:(.text+0x6f): undefined reference to `pthread_join'
collect2: error: ld returned 1 exit status
make[1]: *** [CMakeFiles/cmTC_81f02.dir/build.make:99: cmTC_81f02] Error 1
make[1]: Leaving directory '/home/zhiyu/PHD_Code/New_paper/Air3DGSSLAM/AirSLAM/CMakeFiles/CMakeTmp'
make: *** [Makefile:127: cmTC_81f02/fast] Error 2


Source file was:
#include <pthread.h>

static void* test_func(void* data)
{
  return data;
}

int main(void)
{
  pthread_t thread;
  pthread_create(&thread, NULL, test_func, NULL);
  pthread_detach(thread);
  pthread_cancel(thread);
  pthread_join(thread, NULL);
  pthread_atfork(NULL, NULL, NULL);
  pthread_exit(NULL);

  return 0;
}

Determining if the function pthread_create exists in the pthreads failed with the following output:
Change Dir: /home/zhiyu/PHD_Code/New_paper/Air3DGSSLAM/AirSLAM/CMakeFiles/CMakeTmp

Run Build Command(s):/usr/bin/make -f Makefile cmTC_10630/fast && /usr/bin/make  -f CMakeFiles/cmTC_10630.dir/build.make CMakeFiles/cmTC_10630.dir/build
make[1]: Entering directory '/home/zhiyu/PHD_Code/New_paper/Air3DGSSLAM/AirSLAM/CMakeFiles/CMakeTmp'
Building CXX object CMakeFiles/cmTC_10630.dir/CheckFunctionExists.cxx.o
/usr/bin/c++   -DCHECK_FUNCTION_EXISTS=pthread_create -o CMakeFiles/cmTC_10630.dir/CheckFunctionExists.cxx.o -c /home/zhiyu/PHD_Code/New_paper/Air3DGSSLAM/AirSLAM/CMakeFiles/CheckLibraryExists/CheckFunctionExists.cxx
Linking CXX executable cmTC_10630
/home/zhiyu/miniconda3/envs/gsplat/bin/cmake -E cmake_link_script CMakeFiles/cmTC_10630.dir/link.txt --verbose=1
/usr/bin/c++  -DCHECK_FUNCTION_EXISTS=pthread_create CMakeFiles/cmTC_10630.dir/CheckFunctionExists.cxx.o -o cmTC_10630  -lpthreads 
/usr/bin/ld: cannot find -lpthreads
collect2: error: ld returned 1 exit status
make[1]: *** [CMakeFiles/cmTC_10630.dir/build.make:99: cmTC_10630] Error 1
make[1]: Leaving directory '/home/zhiyu/PHD_Code/New_paper/Air3DGSSLAM/AirSLAM/CMakeFiles/CMakeTmp'
make: *** [Makefile:127: cmTC_10630/fast] Error 2



